d:\sga\pp\dx3d\dx3d\debug\dx3d.pch
d:\sga\pp\dx3d\dx3d\debug\vc140.pdb
d:\sga\pp\dx3d\dx3d\debug\vc140.idb
d:\sga\pp\dx3d\dx3d\debug\stdafx.obj
d:\sga\pp\dx3d\dx3d\debug\objmap.obj
d:\sga\pp\dx3d\dx3d\debug\particletest.obj
d:\sga\pp\dx3d\dx3d\debug\picking.obj
d:\sga\pp\dx3d\dx3d\debug\ray.obj
d:\sga\pp\dx3d\dx3d\debug\sampleui.obj
d:\sga\pp\dx3d\dx3d\debug\scenegrid.obj
d:\sga\pp\dx3d\dx3d\debug\sceneheightmap.obj
d:\sga\pp\dx3d\dx3d\debug\scenemanager.obj
d:\sga\pp\dx3d\dx3d\debug\sceneobjmap.obj
d:\sga\pp\dx3d\dx3d\debug\scene_ui.obj
d:\sga\pp\dx3d\dx3d\debug\skinnedmesh.obj
d:\sga\pp\dx3d\dx3d\debug\skybox.obj
d:\sga\pp\dx3d\dx3d\debug\teachgrid.obj
d:\sga\pp\dx3d\dx3d\debug\texturemanager.obj
d:\sga\pp\dx3d\dx3d\debug\timemanager.obj
d:\sga\pp\dx3d\dx3d\debug\uibutton.obj
d:\sga\pp\dx3d\dx3d\debug\uiimage.obj
d:\sga\pp\dx3d\dx3d\debug\uitext.obj
d:\sga\pp\dx3d\dx3d\debug\vertexblending.obj
d:\sga\pp\dx3d\dx3d\debug\walls.obj
d:\sga\pp\dx3d\dx3d\debug\globaldefinition.obj
d:\sga\pp\dx3d\dx3d\debug\grid.obj
d:\sga\pp\dx3d\dx3d\debug\gun.obj
d:\sga\pp\dx3d\dx3d\debug\heap.obj
d:\sga\pp\dx3d\dx3d\debug\heightmap.obj
d:\sga\pp\dx3d\dx3d\debug\hexagon.obj
d:\sga\pp\dx3d\dx3d\debug\iaction.obj
d:\sga\pp\dx3d\dx3d\debug\iactionobject.obj
d:\sga\pp\dx3d\dx3d\debug\idisplayobject.obj
d:\sga\pp\dx3d\dx3d\debug\inventory.obj
d:\sga\pp\dx3d\dx3d\debug\ironman.obj
d:\sga\pp\dx3d\dx3d\debug\itemimage.obj
d:\sga\pp\dx3d\dx3d\debug\iuiobject.obj
d:\sga\pp\dx3d\dx3d\debug\iunitobject.obj
d:\sga\pp\dx3d\dx3d\debug\keyboard.obj
d:\sga\pp\dx3d\dx3d\debug\keyboardmanager.obj
d:\sga\pp\dx3d\dx3d\debug\mapmanager.obj
d:\sga\pp\dx3d\dx3d\debug\mouse.obj
d:\sga\pp\dx3d\dx3d\debug\objloader.obj
d:\sga\pp\dx3d\dx3d\debug\objmanager.obj
d:\sga\pp\dx3d\dx3d\debug\boundingbox.obj
d:\sga\pp\dx3d\dx3d\debug\camera.obj
d:\sga\pp\dx3d\dx3d\debug\cube.obj
d:\sga\pp\dx3d\dx3d\debug\cubeman.obj
d:\sga\pp\dx3d\dx3d\debug\cubemanparts.obj
d:\sga\pp\dx3d\dx3d\debug\cubeman_head.obj
d:\sga\pp\dx3d\dx3d\debug\cubeman_left_arm.obj
d:\sga\pp\dx3d\dx3d\debug\cubeman_left_leg.obj
d:\sga\pp\dx3d\dx3d\debug\cubeman_right_arm.obj
d:\sga\pp\dx3d\dx3d\debug\cubeman_right_leg.obj
d:\sga\pp\dx3d\dx3d\debug\d3dutility.obj
d:\sga\pp\dx3d\dx3d\debug\debug.obj
d:\sga\pp\dx3d\dx3d\debug\devicemanager.obj
d:\sga\pp\dx3d\dx3d\debug\drawinggroup.obj
d:\sga\pp\dx3d\dx3d\debug\dx3d.obj
d:\sga\pp\dx3d\dx3d\debug\enemy.obj
d:\sga\pp\dx3d\dx3d\debug\enemyman.obj
d:\sga\pp\dx3d\dx3d\debug\enemymanager.obj
d:\sga\pp\dx3d\dx3d\debug\fontmanager.obj
d:\sga\pp\dx3d\dx3d\debug\frustum.obj
d:\sga\pp\dx3d\dx3d\debug\actioncube.obj
d:\sga\pp\dx3d\dx3d\debug\actionmoveto.obj
d:\sga\pp\dx3d\dx3d\debug\actionrepeat.obj
d:\sga\pp\dx3d\dx3d\debug\actionsequence.obj
d:\sga\pp\dx3d\dx3d\debug\allocatehierarchy.obj
d:\sga\pp\dx3d\dx3d\debug\application.obj
d:\sga\pp\dx3d\dx3d\debug\asecharacter.obj
d:\sga\pp\dx3d\dx3d\debug\aseloader.obj
d:\sga\pp\dx3d\dx3d\debug\aseobject.obj
d:\sga\pp\dx3d\dx3d\debug\astar.obj
d:\sga\pp\dx3d\dx3d\debug\astarnode.obj
d:\sga\pp\dx3d\dx3d\debug\baseobject.obj
d:\sga\pp\dx3d\dx3d\debug\bloodeffect.obj
d:\sga\pp\dx3d\dx3d\debug\bloodparticle.obj
d:\sga\pp\dx3d\debug\dx3d.ilk
d:\sga\pp\dx3d\debug\dx3d.exe
d:\sga\pp\dx3d\debug\dx3d.pdb
d:\sga\pp\dx3d\dx3d\debug\dx3d.res
d:\sga\pp\dx3d\dx3d\debug\bloodmanager.obj
d:\sga\pp\dx3d\dx3d\debug\shadermanager.obj
d:\sga\pp\dx3d\dx3d\debug\inventory.obj.enc
d:\sga\pp\dx3d\dx3d\debug\ironman.obj.enc
d:\sga\pp\dx3d\dx3d\debug\vc141.idb
d:\sga\pp\dx3d\dx3d\debug\vc141.pdb
d:\sga\pp\dx3d\dx3d\debug\dx3d.tlog\cl.command.1.tlog
d:\sga\pp\dx3d\dx3d\debug\dx3d.tlog\cl.read.1.tlog
d:\sga\pp\dx3d\dx3d\debug\dx3d.tlog\cl.write.1.tlog
d:\sga\pp\dx3d\dx3d\debug\dx3d.tlog\link.command.1.tlog
d:\sga\pp\dx3d\dx3d\debug\dx3d.tlog\link.delete.1.tlog
d:\sga\pp\dx3d\dx3d\debug\dx3d.tlog\link.read.1.tlog
d:\sga\pp\dx3d\dx3d\debug\dx3d.tlog\link.write.1.tlog
d:\sga\pp\dx3d\dx3d\debug\dx3d.tlog\rc.command.1.tlog
d:\sga\pp\dx3d\dx3d\debug\dx3d.tlog\rc.read.1.tlog
d:\sga\pp\dx3d\dx3d\debug\dx3d.tlog\rc.write.1.tlog
