  SampleUI.cpp
d:\_포폴\git\dx3d\dx3d\sampleui.cpp(62): warning C4316: 'UIImage': 힙에 할당된 개체가 16에 맞추어져 있지 않을 수도 있습니다
d:\_포폴\git\dx3d\dx3d\sampleui.cpp(66): warning C4316: 'UIImage': 힙에 할당된 개체가 16에 맞추어져 있지 않을 수도 있습니다
d:\_포폴\git\dx3d\dx3d\sampleui.cpp(73): warning C4316: 'UIImage': 힙에 할당된 개체가 16에 맞추어져 있지 않을 수도 있습니다
d:\_포폴\git\dx3d\dx3d\sampleui.cpp(82): warning C4316: 'UIImage': 힙에 할당된 개체가 16에 맞추어져 있지 않을 수도 있습니다
d:\_포폴\git\dx3d\dx3d\sampleui.cpp(87): warning C4316: 'UIImage': 힙에 할당된 개체가 16에 맞추어져 있지 않을 수도 있습니다
d:\_포폴\git\dx3d\dx3d\sampleui.cpp(54): warning C4101: 'c_int' :참조되지 않은 지역 변수입니다.
d:\_포폴\git\dx3d\dx3d\sampleui.cpp(385): warning C4244: '인수': 'int'에서 'FLOAT'(으)로 변환하면서 데이터가 손실될 수 있습니다.
d:\_포폴\git\dx3d\dx3d\sampleui.cpp(390): warning C4244: '인수': 'int'에서 'FLOAT'(으)로 변환하면서 데이터가 손실될 수 있습니다.
d:\_포폴\git\dx3d\dx3d\sampleui.cpp(418): warning C4244: '인수': 'LONG'에서 'FLOAT'(으)로 변환하면서 데이터가 손실될 수 있습니다.
d:\_포폴\git\dx3d\dx3d\sampleui.cpp(515): warning C4244: '인수': 'double'에서 'FLOAT'(으)로 변환하면서 데이터가 손실될 수 있습니다.
d:\_포폴\git\dx3d\dx3d\sampleui.cpp(515): warning C4244: '인수': 'unsigned long'에서 'FLOAT'(으)로 변환하면서 데이터가 손실될 수 있습니다.
d:\_포폴\git\dx3d\dx3d\sampleui.cpp(545): warning C4244: '인수': 'double'에서 'FLOAT'(으)로 변환하면서 데이터가 손실될 수 있습니다.
d:\_포폴\git\dx3d\dx3d\sampleui.cpp(545): warning C4244: '인수': 'LONG'에서 'FLOAT'(으)로 변환하면서 데이터가 손실될 수 있습니다.
d:\_포폴\git\dx3d\dx3d\sampleui.cpp(577): warning C4244: '인수': 'double'에서 'FLOAT'(으)로 변환하면서 데이터가 손실될 수 있습니다.
d:\_포폴\git\dx3d\dx3d\sampleui.cpp(600): warning C4244: '인수': 'float'에서 'int'(으)로 변환하면서 데이터가 손실될 수 있습니다.
d:\_포폴\git\dx3d\dx3d\sampleui.cpp(604): warning C4244: '인수': 'double'에서 'FLOAT'(으)로 변환하면서 데이터가 손실될 수 있습니다.
d:\_포폴\git\dx3d\dx3d\sampleui.cpp(629): warning C4244: '인수': 'UINT'에서 'FLOAT'(으)로 변환하면서 데이터가 손실될 수 있습니다.
d:\_포폴\git\dx3d\dx3d\sampleui.cpp(640): warning C4244: '인수': 'UINT'에서 'FLOAT'(으)로 변환하면서 데이터가 손실될 수 있습니다.
d:\_포폴\git\dx3d\dx3d\sampleui.cpp(654): warning C4244: '인수': 'UINT'에서 'FLOAT'(으)로 변환하면서 데이터가 손실될 수 있습니다.
d:\_포폴\git\dx3d\dx3d\sampleui.cpp(666): warning C4244: '인수': 'UINT'에서 'FLOAT'(으)로 변환하면서 데이터가 손실될 수 있습니다.
d:\_포폴\git\dx3d\dx3d\sampleui.cpp(688): warning C4244: '=': 'float'에서 'LONG'(으)로 변환하면서 데이터가 손실될 수 있습니다.
d:\_포폴\git\dx3d\dx3d\sampleui.cpp(689): warning C4244: '=': 'float'에서 'LONG'(으)로 변환하면서 데이터가 손실될 수 있습니다.
d:\_포폴\git\dx3d\dx3d\sampleui.cpp(697): warning C4244: '인수': 'UINT'에서 'FLOAT'(으)로 변환하면서 데이터가 손실될 수 있습니다.
d:\_포폴\git\dx3d\dx3d\sampleui.cpp(762): warning C4316: 'UIButton': 힙에 할당된 개체가 16에 맞추어져 있지 않을 수도 있습니다
d:\_포폴\git\dx3d\dx3d\sampleui.cpp(780): warning C4316: 'UIButton': 힙에 할당된 개체가 16에 맞추어져 있지 않을 수도 있습니다
d:\_포폴\git\dx3d\dx3d\sampleui.cpp(809): warning C4316: 'UIText': 힙에 할당된 개체가 16에 맞추어져 있지 않을 수도 있습니다
d:\_포폴\git\dx3d\dx3d\sampleui.cpp(838): warning C4316: 'UIButton': 힙에 할당된 개체가 16에 맞추어져 있지 않을 수도 있습니다
d:\_포폴\git\dx3d\dx3d\sampleui.cpp(839): warning C4244: '인수': 'double'에서 'FLOAT'(으)로 변환하면서 데이터가 손실될 수 있습니다.
d:\_포폴\git\dx3d\dx3d\sampleui.cpp(865): warning C4316: 'UIButton': 힙에 할당된 개체가 16에 맞추어져 있지 않을 수도 있습니다
d:\_포폴\git\dx3d\dx3d\sampleui.cpp(866): warning C4244: '인수': 'double'에서 'FLOAT'(으)로 변환하면서 데이터가 손실될 수 있습니다.
  Ironman.cpp
d:\_포폴\git\dx3d\dx3d\ironman.cpp(41): warning C4316: 'SkinnedMesh': 힙에 할당된 개체가 16에 맞추어져 있지 않을 수도 있습니다
d:\_포폴\git\dx3d\dx3d\ironman.cpp(48): warning C4018: '<': signed 또는 unsigned가 일치하지 않습니다.
d:\_포폴\git\dx3d\dx3d\ironman.cpp(50): warning C4244: '인수': 'int'에서 'FLOAT'(으)로 변환하면서 데이터가 손실될 수 있습니다.
d:\_포폴\git\dx3d\dx3d\ironman.cpp(60): warning C4316: 'BoundingBox': 힙에 할당된 개체가 16에 맞추어져 있지 않을 수도 있습니다
d:\_포폴\git\dx3d\dx3d\ironman.cpp(62): warning C4316: 'BloodEffect': 힙에 할당된 개체가 16에 맞추어져 있지 않을 수도 있습니다
d:\_포폴\git\dx3d\dx3d\ironman.cpp(102): warning C4244: '인수': 'time_t'에서 'unsigned int'(으)로 변환하면서 데이터가 손실될 수 있습니다.
d:\_포폴\git\dx3d\dx3d\ironman.cpp(176): warning C4018: '<': signed 또는 unsigned가 일치하지 않습니다.
d:\_포폴\git\dx3d\dx3d\ironman.cpp(247): warning C4018: '<': signed 또는 unsigned가 일치하지 않습니다.
d:\_포폴\git\dx3d\dx3d\ironman.cpp(317): warning C4018: '<': signed 또는 unsigned가 일치하지 않습니다.
  코드를 생성하고 있습니다...
  DX3D.vcxproj -> D:\_포폴\Git\DX3D\Debug\DX3D.exe
